{
"/Users/neil/extensions/php-docblock/out/src/block/class.js":{"path":"/Users/neil/extensions/php-docblock/out/src/block/class.js","s":{"1":1,"2":1,"3":1,"4":28,"5":28,"6":14,"7":14,"8":14,"9":1},"b":{},"f":{"1":28,"2":14},"fnMap":{"1":{"name":"(anonymous_1)","line":9,"loc":{"start":{"line":9,"column":15},"end":{"line":9,"column":18}}},"2":{"name":"(anonymous_2)","line":19,"loc":{"start":{"line":19,"column":9},"end":{"line":19,"column":12}}}},"statementMap":{"1":{"start":{"line":2,"column":0},"end":{"line":2,"column":62}},"2":{"start":{"line":3,"column":0},"end":{"line":3,"column":36}},"3":{"start":{"line":4,"column":0},"end":{"line":4,"column":32}},"4":{"start":{"line":10,"column":8},"end":{"line":10,"column":28}},"5":{"start":{"line":14,"column":8},"end":{"line":14,"column":94}},"6":{"start":{"line":20,"column":8},"end":{"line":20,"column":34}},"7":{"start":{"line":21,"column":8},"end":{"line":21,"column":61}},"8":{"start":{"line":22,"column":8},"end":{"line":22,"column":19}},"9":{"start":{"line":25,"column":0},"end":{"line":25,"column":24}}},"branchMap":{},"l":{"2":1,"3":1,"4":1,"10":28,"14":28,"20":14,"21":14,"22":14,"25":1}},
"/Users/neil/extensions/php-docblock/out/src/block.js":{"path":"/Users/neil/extensions/php-docblock/out/src/block.js","s":{"1":1,"2":1,"3":1,"4":185,"5":185,"6":185,"7":185,"8":72,"9":116,"10":185,"11":185,"12":185,"13":185,"14":185,"15":3,"16":182,"17":182,"18":193,"19":193,"20":182,"21":182,"22":182,"23":71,"24":71,"25":71,"26":71,"27":1269,"28":1269,"29":71,"30":71,"31":1198,"32":2,"33":1196,"34":2,"35":1198,"36":71,"37":40,"38":40,"39":8,"40":32,"41":4,"42":28,"43":4,"44":24,"45":10,"46":14,"47":12,"48":2,"49":1},"b":{"1":[3,182],"2":[71,1198],"3":[1269,73],"4":[2,1196],"5":[2,1194],"6":[8,32],"7":[4,28],"8":[4,24],"9":[10,14],"10":[12,2]},"f":{"1":185,"2":72,"3":116,"4":185,"5":185,"6":71,"7":40},"fnMap":{"1":{"name":"(anonymous_1)","line":19,"loc":{"start":{"line":19,"column":15},"end":{"line":19,"column":34}}},"2":{"name":"(anonymous_2)","line":37,"loc":{"start":{"line":37,"column":8},"end":{"line":37,"column":11}}},"3":{"name":"(anonymous_3)","line":45,"loc":{"start":{"line":45,"column":9},"end":{"line":45,"column":12}}},"4":{"name":"(anonymous_4)","line":55,"loc":{"start":{"line":55,"column":16},"end":{"line":55,"column":28}}},"5":{"name":"(anonymous_5)","line":67,"loc":{"start":{"line":67,"column":12},"end":{"line":67,"column":31}}},"6":{"name":"(anonymous_6)","line":91,"loc":{"start":{"line":91,"column":15},"end":{"line":91,"column":55}}},"7":{"name":"(anonymous_7)","line":117,"loc":{"start":{"line":117,"column":20},"end":{"line":117,"column":28}}}},"statementMap":{"1":{"start":{"line":2,"column":0},"end":{"line":2,"column":62}},"2":{"start":{"line":3,"column":0},"end":{"line":3,"column":35}},"3":{"start":{"line":4,"column":0},"end":{"line":4,"column":46}},"4":{"start":{"line":25,"column":8},"end":{"line":25,"column":36}},"5":{"start":{"line":26,"column":8},"end":{"line":26,"column":33}},"6":{"start":{"line":27,"column":8},"end":{"line":27,"column":29}},"7":{"start":{"line":28,"column":8},"end":{"line":28,"column":70}},"8":{"start":{"line":38,"column":8},"end":{"line":38,"column":49}},"9":{"start":{"line":46,"column":8},"end":{"line":46,"column":50}},"10":{"start":{"line":56,"column":8},"end":{"line":56,"column":35}},"11":{"start":{"line":68,"column":8},"end":{"line":68,"column":36}},"12":{"start":{"line":69,"column":8},"end":{"line":69,"column":58}},"13":{"start":{"line":70,"column":8},"end":{"line":70,"column":52}},"14":{"start":{"line":71,"column":8},"end":{"line":73,"column":9}},"15":{"start":{"line":72,"column":12},"end":{"line":72,"column":22}},"16":{"start":{"line":74,"column":8},"end":{"line":74,"column":78}},"17":{"start":{"line":75,"column":8},"end":{"line":78,"column":9}},"18":{"start":{"line":76,"column":12},"end":{"line":76,"column":19}},"19":{"start":{"line":77,"column":12},"end":{"line":77,"column":58}},"20":{"start":{"line":79,"column":8},"end":{"line":79,"column":68}},"21":{"start":{"line":80,"column":8},"end":{"line":80,"column":51}},"22":{"start":{"line":81,"column":8},"end":{"line":81,"column":51}},"23":{"start":{"line":92,"column":8},"end":{"line":92,"column":23}},"24":{"start":{"line":93,"column":8},"end":{"line":93,"column":45}},"25":{"start":{"line":94,"column":8},"end":{"line":94,"column":23}},"26":{"start":{"line":95,"column":8},"end":{"line":108,"column":9}},"27":{"start":{"line":96,"column":12},"end":{"line":96,"column":43}},"28":{"start":{"line":97,"column":12},"end":{"line":106,"column":13}},"29":{"start":{"line":98,"column":16},"end":{"line":98,"column":31}},"30":{"start":{"line":99,"column":16},"end":{"line":99,"column":22}},"31":{"start":{"line":101,"column":17},"end":{"line":106,"column":13}},"32":{"start":{"line":102,"column":16},"end":{"line":102,"column":25}},"33":{"start":{"line":104,"column":17},"end":{"line":106,"column":13}},"34":{"start":{"line":105,"column":16},"end":{"line":105,"column":25}},"35":{"start":{"line":107,"column":12},"end":{"line":107,"column":27}},"36":{"start":{"line":109,"column":8},"end":{"line":109,"column":41}},"37":{"start":{"line":118,"column":8},"end":{"line":118,"column":19}},"38":{"start":{"line":120,"column":8},"end":{"line":122,"column":9}},"39":{"start":{"line":121,"column":12},"end":{"line":121,"column":78}},"40":{"start":{"line":124,"column":8},"end":{"line":126,"column":9}},"41":{"start":{"line":125,"column":12},"end":{"line":125,"column":77}},"42":{"start":{"line":128,"column":8},"end":{"line":130,"column":9}},"43":{"start":{"line":129,"column":12},"end":{"line":129,"column":27}},"44":{"start":{"line":132,"column":8},"end":{"line":134,"column":9}},"45":{"start":{"line":133,"column":12},"end":{"line":133,"column":28}},"46":{"start":{"line":136,"column":8},"end":{"line":138,"column":9}},"47":{"start":{"line":137,"column":12},"end":{"line":137,"column":27}},"48":{"start":{"line":139,"column":8},"end":{"line":139,"column":24}},"49":{"start":{"line":142,"column":0},"end":{"line":142,"column":22}}},"branchMap":{"1":{"line":71,"type":"if","locations":[{"start":{"line":71,"column":8},"end":{"line":71,"column":8}},{"start":{"line":71,"column":8},"end":{"line":71,"column":8}}]},"2":{"line":97,"type":"if","locations":[{"start":{"line":97,"column":12},"end":{"line":97,"column":12}},{"start":{"line":97,"column":12},"end":{"line":97,"column":12}}]},"3":{"line":97,"type":"binary-expr","locations":[{"start":{"line":97,"column":16},"end":{"line":97,"column":31}},{"start":{"line":97,"column":35},"end":{"line":97,"column":46}}]},"4":{"line":101,"type":"if","locations":[{"start":{"line":101,"column":17},"end":{"line":101,"column":17}},{"start":{"line":101,"column":17},"end":{"line":101,"column":17}}]},"5":{"line":104,"type":"if","locations":[{"start":{"line":104,"column":17},"end":{"line":104,"column":17}},{"start":{"line":104,"column":17},"end":{"line":104,"column":17}}]},"6":{"line":120,"type":"if","locations":[{"start":{"line":120,"column":8},"end":{"line":120,"column":8}},{"start":{"line":120,"column":8},"end":{"line":120,"column":8}}]},"7":{"line":124,"type":"if","locations":[{"start":{"line":124,"column":8},"end":{"line":124,"column":8}},{"start":{"line":124,"column":8},"end":{"line":124,"column":8}}]},"8":{"line":128,"type":"if","locations":[{"start":{"line":128,"column":8},"end":{"line":128,"column":8}},{"start":{"line":128,"column":8},"end":{"line":128,"column":8}}]},"9":{"line":132,"type":"if","locations":[{"start":{"line":132,"column":8},"end":{"line":132,"column":8}},{"start":{"line":132,"column":8},"end":{"line":132,"column":8}}]},"10":{"line":136,"type":"if","locations":[{"start":{"line":136,"column":8},"end":{"line":136,"column":8}},{"start":{"line":136,"column":8},"end":{"line":136,"column":8}}]}},"l":{"2":1,"3":1,"4":1,"25":185,"26":185,"27":185,"28":185,"38":72,"46":116,"56":185,"68":185,"69":185,"70":185,"71":185,"72":3,"74":182,"75":182,"76":193,"77":193,"79":182,"80":182,"81":182,"92":71,"93":71,"94":71,"95":71,"96":1269,"97":1269,"98":71,"99":71,"101":1198,"102":2,"104":1196,"105":2,"107":1198,"109":71,"118":40,"120":40,"121":8,"124":32,"125":4,"128":28,"129":4,"132":24,"133":10,"136":14,"137":12,"139":2,"142":1}},
"/Users/neil/extensions/php-docblock/out/src/util/TypeUtil.js":{"path":"/Users/neil/extensions/php-docblock/out/src/util/TypeUtil.js","s":{"1":1,"2":1,"3":18,"4":2,"5":22,"6":3,"7":3,"8":22,"9":23,"10":16,"11":15,"12":1,"13":6,"14":5,"15":1,"16":1,"17":1},"b":{"1":[18,1],"2":[3,19],"3":[3,3],"4":[16,16,6,6,1],"5":[15,1],"6":[5,1]},"f":{"1":18,"2":2,"3":22,"4":23},"fnMap":{"1":{"name":"(anonymous_1)","line":13,"loc":{"start":{"line":13,"column":23},"end":{"line":13,"column":26}}},"2":{"name":"(anonymous_2)","line":21,"loc":{"start":{"line":21,"column":21},"end":{"line":21,"column":29}}},"3":{"name":"(anonymous_3)","line":27,"loc":{"start":{"line":27,"column":21},"end":{"line":27,"column":24}}},"4":{"name":"(anonymous_4)","line":39,"loc":{"start":{"line":39,"column":26},"end":{"line":39,"column":33}}}},"statementMap":{"1":{"start":{"line":2,"column":0},"end":{"line":2,"column":62}},"2":{"start":{"line":3,"column":0},"end":{"line":3,"column":35}},"3":{"start":{"line":14,"column":8},"end":{"line":14,"column":63}},"4":{"start":{"line":22,"column":8},"end":{"line":22,"column":36}},"5":{"start":{"line":28,"column":8},"end":{"line":31,"column":9}},"6":{"start":{"line":29,"column":12},"end":{"line":29,"column":85}},"7":{"start":{"line":30,"column":12},"end":{"line":30,"column":64}},"8":{"start":{"line":32,"column":8},"end":{"line":32,"column":35}},"9":{"start":{"line":40,"column":8},"end":{"line":55,"column":9}},"10":{"start":{"line":43,"column":16},"end":{"line":45,"column":17}},"11":{"start":{"line":44,"column":20},"end":{"line":44,"column":37}},"12":{"start":{"line":46,"column":16},"end":{"line":46,"column":30}},"13":{"start":{"line":49,"column":16},"end":{"line":51,"column":17}},"14":{"start":{"line":50,"column":20},"end":{"line":50,"column":37}},"15":{"start":{"line":52,"column":16},"end":{"line":52,"column":29}},"16":{"start":{"line":54,"column":16},"end":{"line":54,"column":28}},"17":{"start":{"line":58,"column":0},"end":{"line":58,"column":27}}},"branchMap":{"1":{"line":14,"type":"binary-expr","locations":[{"start":{"line":14,"column":15},"end":{"line":14,"column":29}},{"start":{"line":14,"column":34},"end":{"line":14,"column":61}}]},"2":{"line":28,"type":"if","locations":[{"start":{"line":28,"column":8},"end":{"line":28,"column":8}},{"start":{"line":28,"column":8},"end":{"line":28,"column":8}}]},"3":{"line":30,"type":"binary-expr","locations":[{"start":{"line":30,"column":34},"end":{"line":30,"column":54}},{"start":{"line":30,"column":58},"end":{"line":30,"column":63}}]},"4":{"line":40,"type":"switch","locations":[{"start":{"line":41,"column":12},"end":{"line":41,"column":24}},{"start":{"line":42,"column":12},"end":{"line":46,"column":30}},{"start":{"line":47,"column":12},"end":{"line":47,"column":23}},{"start":{"line":48,"column":12},"end":{"line":52,"column":29}},{"start":{"line":53,"column":12},"end":{"line":54,"column":28}}]},"5":{"line":43,"type":"if","locations":[{"start":{"line":43,"column":16},"end":{"line":43,"column":16}},{"start":{"line":43,"column":16},"end":{"line":43,"column":16}}]},"6":{"line":49,"type":"if","locations":[{"start":{"line":49,"column":16},"end":{"line":49,"column":16}},{"start":{"line":49,"column":16},"end":{"line":49,"column":16}}]}},"l":{"2":1,"3":1,"14":18,"22":2,"28":22,"29":3,"30":3,"32":22,"40":23,"43":16,"44":15,"46":1,"49":6,"50":5,"52":1,"54":1,"58":1}},
"/Users/neil/extensions/php-docblock/out/src/doc.js":{"path":"/Users/neil/extensions/php-docblock/out/src/doc.js","s":{"1":1,"2":1,"3":158,"4":158,"5":40,"6":36,"7":40,"8":1,"9":40,"10":5,"11":40,"12":38,"13":39,"14":20,"15":5,"16":20,"17":5,"18":10,"19":10,"20":10,"21":10,"22":2,"23":2,"24":10,"25":10,"26":10,"27":10,"28":10,"29":3,"30":2,"31":2,"32":3,"33":3,"34":3,"35":3,"36":3,"37":10,"38":2,"39":1,"40":1,"41":2,"42":2,"43":10,"44":2,"45":1,"46":1,"47":2,"48":2,"49":10,"50":5,"51":2,"52":2,"53":5,"54":5,"55":5,"56":10,"57":10,"58":1,"59":111,"60":111,"61":1},"b":{"1":[36,4],"2":[1,39],"3":[5,35],"4":[38,2],"5":[40,38],"6":[5,15],"7":[2,8],"8":[3,7],"9":[2,1],"10":[2,8],"11":[1,1],"12":[2,8],"13":[1,1],"14":[5,5],"15":[10,10],"16":[2,3]},"f":{"1":158,"2":40,"3":20,"4":5,"5":10,"6":111},"fnMap":{"1":{"name":"(anonymous_1)","line":16,"loc":{"start":{"line":16,"column":15},"end":{"line":16,"column":30}}},"2":{"name":"(anonymous_2)","line":30,"loc":{"start":{"line":30,"column":14},"end":{"line":30,"column":22}}},"3":{"name":"(anonymous_3)","line":51,"loc":{"start":{"line":51,"column":13},"end":{"line":51,"column":16}}},"4":{"name":"(anonymous_4)","line":62,"loc":{"start":{"line":62,"column":13},"end":{"line":62,"column":22}}},"5":{"name":"(anonymous_5)","line":71,"loc":{"start":{"line":71,"column":9},"end":{"line":71,"column":27}}},"6":{"name":"(anonymous_6)","line":136,"loc":{"start":{"line":136,"column":15},"end":{"line":136,"column":28}}}},"statementMap":{"1":{"start":{"line":2,"column":0},"end":{"line":2,"column":62}},"2":{"start":{"line":3,"column":0},"end":{"line":3,"column":35}},"3":{"start":{"line":22,"column":8},"end":{"line":22,"column":25}},"4":{"start":{"line":23,"column":8},"end":{"line":23,"column":31}},"5":{"start":{"line":31,"column":8},"end":{"line":33,"column":9}},"6":{"start":{"line":32,"column":12},"end":{"line":32,"column":39}},"7":{"start":{"line":34,"column":8},"end":{"line":36,"column":9}},"8":{"start":{"line":35,"column":12},"end":{"line":35,"column":33}},"9":{"start":{"line":37,"column":8},"end":{"line":39,"column":9}},"10":{"start":{"line":38,"column":12},"end":{"line":38,"column":41}},"11":{"start":{"line":40,"column":8},"end":{"line":44,"column":9}},"12":{"start":{"line":41,"column":12},"end":{"line":43,"column":15}},"13":{"start":{"line":42,"column":16},"end":{"line":42,"column":68}},"14":{"start":{"line":52,"column":8},"end":{"line":54,"column":9}},"15":{"start":{"line":53,"column":12},"end":{"line":53,"column":86}},"16":{"start":{"line":55,"column":8},"end":{"line":55,"column":27}},"17":{"start":{"line":63,"column":8},"end":{"line":63,"column":29}},"18":{"start":{"line":72,"column":8},"end":{"line":72,"column":51}},"19":{"start":{"line":73,"column":8},"end":{"line":73,"column":43}},"20":{"start":{"line":74,"column":8},"end":{"line":74,"column":40}},"21":{"start":{"line":75,"column":8},"end":{"line":78,"column":9}},"22":{"start":{"line":76,"column":12},"end":{"line":76,"column":23}},"23":{"start":{"line":77,"column":12},"end":{"line":77,"column":23}},"24":{"start":{"line":79,"column":8},"end":{"line":79,"column":21}},"25":{"start":{"line":80,"column":8},"end":{"line":80,"column":34}},"26":{"start":{"line":81,"column":8},"end":{"line":81,"column":36}},"27":{"start":{"line":82,"column":8},"end":{"line":82,"column":50}},"28":{"start":{"line":83,"column":8},"end":{"line":94,"column":9}},"29":{"start":{"line":84,"column":12},"end":{"line":87,"column":13}},"30":{"start":{"line":85,"column":16},"end":{"line":85,"column":43}},"31":{"start":{"line":86,"column":16},"end":{"line":86,"column":27}},"32":{"start":{"line":88,"column":12},"end":{"line":93,"column":15}},"33":{"start":{"line":89,"column":16},"end":{"line":89,"column":51}},"34":{"start":{"line":90,"column":16},"end":{"line":90,"column":64}},"35":{"start":{"line":91,"column":16},"end":{"line":91,"column":40}},"36":{"start":{"line":92,"column":16},"end":{"line":92,"column":64}},"37":{"start":{"line":95,"column":8},"end":{"line":102,"column":9}},"38":{"start":{"line":96,"column":12},"end":{"line":99,"column":13}},"39":{"start":{"line":97,"column":16},"end":{"line":97,"column":43}},"40":{"start":{"line":98,"column":16},"end":{"line":98,"column":27}},"41":{"start":{"line":100,"column":12},"end":{"line":100,"column":45}},"42":{"start":{"line":101,"column":12},"end":{"line":101,"column":58}},"43":{"start":{"line":103,"column":8},"end":{"line":110,"column":9}},"44":{"start":{"line":104,"column":12},"end":{"line":107,"column":13}},"45":{"start":{"line":105,"column":16},"end":{"line":105,"column":43}},"46":{"start":{"line":106,"column":16},"end":{"line":106,"column":27}},"47":{"start":{"line":108,"column":12},"end":{"line":108,"column":48}},"48":{"start":{"line":109,"column":12},"end":{"line":109,"column":61}},"49":{"start":{"line":111,"column":8},"end":{"line":120,"column":9}},"50":{"start":{"line":112,"column":12},"end":{"line":115,"column":13}},"51":{"start":{"line":113,"column":16},"end":{"line":113,"column":43}},"52":{"start":{"line":114,"column":16},"end":{"line":114,"column":27}},"53":{"start":{"line":116,"column":12},"end":{"line":119,"column":13}},"54":{"start":{"line":117,"column":16},"end":{"line":117,"column":43}},"55":{"start":{"line":118,"column":16},"end":{"line":118,"column":54}},"56":{"start":{"line":121,"column":8},"end":{"line":121,"column":36}},"57":{"start":{"line":122,"column":8},"end":{"line":122,"column":23}},"58":{"start":{"line":125,"column":0},"end":{"line":125,"column":18}},"59":{"start":{"line":137,"column":8},"end":{"line":137,"column":25}},"60":{"start":{"line":138,"column":8},"end":{"line":138,"column":25}},"61":{"start":{"line":141,"column":0},"end":{"line":141,"column":22}}},"branchMap":{"1":{"line":31,"type":"if","locations":[{"start":{"line":31,"column":8},"end":{"line":31,"column":8}},{"start":{"line":31,"column":8},"end":{"line":31,"column":8}}]},"2":{"line":34,"type":"if","locations":[{"start":{"line":34,"column":8},"end":{"line":34,"column":8}},{"start":{"line":34,"column":8},"end":{"line":34,"column":8}}]},"3":{"line":37,"type":"if","locations":[{"start":{"line":37,"column":8},"end":{"line":37,"column":8}},{"start":{"line":37,"column":8},"end":{"line":37,"column":8}}]},"4":{"line":40,"type":"if","locations":[{"start":{"line":40,"column":8},"end":{"line":40,"column":8}},{"start":{"line":40,"column":8},"end":{"line":40,"column":8}}]},"5":{"line":40,"type":"binary-expr","locations":[{"start":{"line":40,"column":12},"end":{"line":40,"column":38}},{"start":{"line":40,"column":42},"end":{"line":40,"column":69}}]},"6":{"line":52,"type":"if","locations":[{"start":{"line":52,"column":8},"end":{"line":52,"column":8}},{"start":{"line":52,"column":8},"end":{"line":52,"column":8}}]},"7":{"line":75,"type":"if","locations":[{"start":{"line":75,"column":8},"end":{"line":75,"column":8}},{"start":{"line":75,"column":8},"end":{"line":75,"column":8}}]},"8":{"line":83,"type":"if","locations":[{"start":{"line":83,"column":8},"end":{"line":83,"column":8}},{"start":{"line":83,"column":8},"end":{"line":83,"column":8}}]},"9":{"line":84,"type":"if","locations":[{"start":{"line":84,"column":12},"end":{"line":84,"column":12}},{"start":{"line":84,"column":12},"end":{"line":84,"column":12}}]},"10":{"line":95,"type":"if","locations":[{"start":{"line":95,"column":8},"end":{"line":95,"column":8}},{"start":{"line":95,"column":8},"end":{"line":95,"column":8}}]},"11":{"line":96,"type":"if","locations":[{"start":{"line":96,"column":12},"end":{"line":96,"column":12}},{"start":{"line":96,"column":12},"end":{"line":96,"column":12}}]},"12":{"line":103,"type":"if","locations":[{"start":{"line":103,"column":8},"end":{"line":103,"column":8}},{"start":{"line":103,"column":8},"end":{"line":103,"column":8}}]},"13":{"line":104,"type":"if","locations":[{"start":{"line":104,"column":12},"end":{"line":104,"column":12}},{"start":{"line":104,"column":12},"end":{"line":104,"column":12}}]},"14":{"line":111,"type":"if","locations":[{"start":{"line":111,"column":8},"end":{"line":111,"column":8}},{"start":{"line":111,"column":8},"end":{"line":111,"column":8}}]},"15":{"line":111,"type":"binary-expr","locations":[{"start":{"line":111,"column":12},"end":{"line":111,"column":32}},{"start":{"line":111,"column":36},"end":{"line":111,"column":52}}]},"16":{"line":112,"type":"if","locations":[{"start":{"line":112,"column":12},"end":{"line":112,"column":12}},{"start":{"line":112,"column":12},"end":{"line":112,"column":12}}]}},"l":{"2":1,"3":1,"22":158,"23":158,"31":40,"32":36,"34":40,"35":1,"37":40,"38":5,"40":40,"41":38,"42":39,"52":20,"53":5,"55":20,"63":5,"72":10,"73":10,"74":10,"75":10,"76":2,"77":2,"79":10,"80":10,"81":10,"82":10,"83":10,"84":3,"85":2,"86":2,"88":3,"89":3,"90":3,"91":3,"92":3,"95":10,"96":2,"97":1,"98":1,"100":2,"101":2,"103":10,"104":2,"105":1,"106":1,"108":2,"109":2,"111":10,"112":5,"113":2,"114":2,"116":5,"117":5,"118":5,"121":10,"122":10,"125":1,"137":111,"138":111,"141":1}},
"/Users/neil/extensions/php-docblock/out/src/completions.js":{"path":"/Users/neil/extensions/php-docblock/out/src/completions.js","s":{"1":1,"2":1,"3":1,"4":3,"5":9,"6":9,"7":9,"8":4,"9":4,"10":4,"11":4,"12":4,"13":4,"14":4,"15":5,"16":1,"17":4,"18":4,"19":132,"20":4,"21":4,"22":4,"23":4,"24":4,"25":4,"26":1},"b":{"1":[4,5],"2":[1,4]},"f":{"1":3,"2":9},"fnMap":{"1":{"name":"(anonymous_1)","line":9,"loc":{"start":{"line":9,"column":15},"end":{"line":9,"column":18}}},"2":{"name":"(anonymous_2)","line":159,"loc":{"start":{"line":159,"column":26},"end":{"line":159,"column":54}}}},"statementMap":{"1":{"start":{"line":2,"column":0},"end":{"line":2,"column":62}},"2":{"start":{"line":3,"column":0},"end":{"line":3,"column":35}},"3":{"start":{"line":4,"column":0},"end":{"line":4,"column":45}},"4":{"start":{"line":15,"column":8},"end":{"line":148,"column":10}},"5":{"start":{"line":160,"column":8},"end":{"line":160,"column":24}},"6":{"start":{"line":161,"column":8},"end":{"line":161,"column":18}},"7":{"start":{"line":162,"column":8},"end":{"line":170,"column":9}},"8":{"start":{"line":163,"column":12},"end":{"line":163,"column":95}},"9":{"start":{"line":164,"column":12},"end":{"line":164,"column":96}},"10":{"start":{"line":165,"column":12},"end":{"line":165,"column":81}},"11":{"start":{"line":166,"column":12},"end":{"line":166,"column":32}},"12":{"start":{"line":167,"column":12},"end":{"line":167,"column":57}},"13":{"start":{"line":168,"column":12},"end":{"line":168,"column":31}},"14":{"start":{"line":169,"column":12},"end":{"line":169,"column":26}},"15":{"start":{"line":171,"column":8},"end":{"line":173,"column":9}},"16":{"start":{"line":172,"column":12},"end":{"line":172,"column":26}},"17":{"start":{"line":174,"column":8},"end":{"line":174,"column":45}},"18":{"start":{"line":175,"column":8},"end":{"line":177,"column":11}},"19":{"start":{"line":176,"column":12},"end":{"line":176,"column":50}},"20":{"start":{"line":178,"column":8},"end":{"line":183,"column":11}},"21":{"start":{"line":179,"column":12},"end":{"line":179,"column":97}},"22":{"start":{"line":180,"column":12},"end":{"line":180,"column":31}},"23":{"start":{"line":181,"column":12},"end":{"line":181,"column":70}},"24":{"start":{"line":182,"column":12},"end":{"line":182,"column":30}},"25":{"start":{"line":184,"column":8},"end":{"line":184,"column":22}},"26":{"start":{"line":187,"column":0},"end":{"line":187,"column":30}}},"branchMap":{"1":{"line":162,"type":"if","locations":[{"start":{"line":162,"column":8},"end":{"line":162,"column":8}},{"start":{"line":162,"column":8},"end":{"line":162,"column":8}}]},"2":{"line":171,"type":"if","locations":[{"start":{"line":171,"column":8},"end":{"line":171,"column":8}},{"start":{"line":171,"column":8},"end":{"line":171,"column":8}}]}},"l":{"2":1,"3":1,"4":1,"15":3,"160":9,"161":9,"162":9,"163":4,"164":4,"165":4,"166":4,"167":4,"168":4,"169":4,"171":5,"172":1,"174":4,"175":4,"176":132,"178":4,"179":4,"180":4,"181":4,"182":4,"184":4,"187":1}},
"/Users/neil/extensions/php-docblock/out/src/documenter.js":{"path":"/Users/neil/extensions/php-docblock/out/src/documenter.js","s":{"1":1,"2":1,"3":1,"4":1,"5":1,"6":4,"7":4,"8":4,"9":4,"10":1,"11":3,"12":3,"13":1,"14":2,"15":2,"16":1,"17":1,"18":1},"b":{"1":[1,3],"2":[1,2],"3":[1,1]},"f":{"1":4,"2":4},"fnMap":{"1":{"name":"(anonymous_1)","line":18,"loc":{"start":{"line":18,"column":15},"end":{"line":18,"column":31}}},"2":{"name":"(anonymous_2)","line":28,"loc":{"start":{"line":28,"column":16},"end":{"line":28,"column":19}}}},"statementMap":{"1":{"start":{"line":2,"column":0},"end":{"line":2,"column":62}},"2":{"start":{"line":3,"column":0},"end":{"line":3,"column":47}},"3":{"start":{"line":4,"column":0},"end":{"line":4,"column":47}},"4":{"start":{"line":5,"column":0},"end":{"line":5,"column":41}},"5":{"start":{"line":6,"column":0},"end":{"line":6,"column":31}},"6":{"start":{"line":19,"column":8},"end":{"line":19,"column":42}},"7":{"start":{"line":20,"column":8},"end":{"line":20,"column":29}},"8":{"start":{"line":29,"column":8},"end":{"line":29,"column":76}},"9":{"start":{"line":30,"column":8},"end":{"line":32,"column":9}},"10":{"start":{"line":31,"column":12},"end":{"line":31,"column":40}},"11":{"start":{"line":33,"column":8},"end":{"line":33,"column":76}},"12":{"start":{"line":34,"column":8},"end":{"line":36,"column":9}},"13":{"start":{"line":35,"column":12},"end":{"line":35,"column":40}},"14":{"start":{"line":37,"column":8},"end":{"line":37,"column":72}},"15":{"start":{"line":38,"column":8},"end":{"line":40,"column":9}},"16":{"start":{"line":39,"column":12},"end":{"line":39,"column":39}},"17":{"start":{"line":41,"column":8},"end":{"line":41,"column":43}},"18":{"start":{"line":44,"column":0},"end":{"line":44,"column":29}}},"branchMap":{"1":{"line":30,"type":"if","locations":[{"start":{"line":30,"column":8},"end":{"line":30,"column":8}},{"start":{"line":30,"column":8},"end":{"line":30,"column":8}}]},"2":{"line":34,"type":"if","locations":[{"start":{"line":34,"column":8},"end":{"line":34,"column":8}},{"start":{"line":34,"column":8},"end":{"line":34,"column":8}}]},"3":{"line":38,"type":"if","locations":[{"start":{"line":38,"column":8},"end":{"line":38,"column":8}},{"start":{"line":38,"column":8},"end":{"line":38,"column":8}}]}},"l":{"2":1,"3":1,"4":1,"5":1,"6":1,"19":4,"20":4,"29":4,"30":4,"31":1,"33":3,"34":3,"35":1,"37":2,"38":2,"39":1,"41":1,"44":1}},
"/Users/neil/extensions/php-docblock/out/src/block/function.js":{"path":"/Users/neil/extensions/php-docblock/out/src/block/function.js","s":{"1":1,"2":1,"3":1,"4":1,"5":109,"6":109,"7":71,"8":71,"9":71,"10":71,"11":30,"12":30,"13":72,"14":72,"15":72,"16":72,"17":6,"18":66,"19":18,"20":48,"21":18,"22":72,"23":71,"24":71,"25":14,"26":57,"27":71,"28":57,"29":4,"30":53,"31":8,"32":2,"33":4,"34":2,"35":37,"36":1},"b":{"1":[30,41],"2":[6,66],"3":[72,24],"4":[18,48],"5":[18,30],"6":[48,48],"7":[14,57],"8":[2,12],"9":[4,53],"10":[2,2,4,6,8,2,2,4,2]},"f":{"1":109,"2":71,"3":57},"fnMap":{"1":{"name":"(anonymous_1)","line":14,"loc":{"start":{"line":14,"column":15},"end":{"line":14,"column":18}}},"2":{"name":"(anonymous_2)","line":24,"loc":{"start":{"line":24,"column":9},"end":{"line":24,"column":12}}},"3":{"name":"(anonymous_3)","line":63,"loc":{"start":{"line":63,"column":21},"end":{"line":63,"column":28}}}},"statementMap":{"1":{"start":{"line":2,"column":0},"end":{"line":2,"column":62}},"2":{"start":{"line":3,"column":0},"end":{"line":3,"column":36}},"3":{"start":{"line":4,"column":0},"end":{"line":4,"column":32}},"4":{"start":{"line":5,"column":0},"end":{"line":5,"column":47}},"5":{"start":{"line":15,"column":8},"end":{"line":15,"column":28}},"6":{"start":{"line":19,"column":8},"end":{"line":19,"column":113}},"7":{"start":{"line":25,"column":8},"end":{"line":25,"column":34}},"8":{"start":{"line":26,"column":8},"end":{"line":26,"column":57}},"9":{"start":{"line":27,"column":8},"end":{"line":27,"column":62}},"10":{"start":{"line":28,"column":8},"end":{"line":45,"column":9}},"11":{"start":{"line":29,"column":12},"end":{"line":29,"column":44}},"12":{"start":{"line":30,"column":12},"end":{"line":44,"column":13}},"13":{"start":{"line":31,"column":16},"end":{"line":31,"column":38}},"14":{"start":{"line":32,"column":16},"end":{"line":32,"column":123}},"15":{"start":{"line":33,"column":16},"end":{"line":33,"column":36}},"16":{"start":{"line":34,"column":16},"end":{"line":42,"column":17}},"17":{"start":{"line":35,"column":20},"end":{"line":35,"column":46}},"18":{"start":{"line":37,"column":21},"end":{"line":42,"column":17}},"19":{"start":{"line":38,"column":20},"end":{"line":38,"column":36}},"20":{"start":{"line":40,"column":21},"end":{"line":42,"column":17}},"21":{"start":{"line":41,"column":20},"end":{"line":41,"column":59}},"22":{"start":{"line":43,"column":16},"end":{"line":43,"column":65}},"23":{"start":{"line":46,"column":8},"end":{"line":46,"column":88}},"24":{"start":{"line":47,"column":8},"end":{"line":52,"column":9}},"25":{"start":{"line":48,"column":12},"end":{"line":48,"column":91}},"26":{"start":{"line":51,"column":12},"end":{"line":51,"column":59}},"27":{"start":{"line":53,"column":8},"end":{"line":53,"column":19}},"28":{"start":{"line":64,"column":8},"end":{"line":66,"column":9}},"29":{"start":{"line":65,"column":12},"end":{"line":65,"column":78}},"30":{"start":{"line":67,"column":8},"end":{"line":81,"column":9}},"31":{"start":{"line":73,"column":16},"end":{"line":73,"column":28}},"32":{"start":{"line":75,"column":16},"end":{"line":75,"column":82}},"33":{"start":{"line":78,"column":16},"end":{"line":78,"column":31}},"34":{"start":{"line":80,"column":16},"end":{"line":80,"column":32}},"35":{"start":{"line":82,"column":8},"end":{"line":82,"column":22}},"36":{"start":{"line":85,"column":0},"end":{"line":85,"column":32}}},"branchMap":{"1":{"line":28,"type":"if","locations":[{"start":{"line":28,"column":8},"end":{"line":28,"column":8}},{"start":{"line":28,"column":8},"end":{"line":28,"column":8}}]},"2":{"line":34,"type":"if","locations":[{"start":{"line":34,"column":16},"end":{"line":34,"column":16}},{"start":{"line":34,"column":16},"end":{"line":34,"column":16}}]},"3":{"line":34,"type":"binary-expr","locations":[{"start":{"line":34,"column":20},"end":{"line":34,"column":36}},{"start":{"line":34,"column":40},"end":{"line":34,"column":56}}]},"4":{"line":37,"type":"if","locations":[{"start":{"line":37,"column":21},"end":{"line":37,"column":21}},{"start":{"line":37,"column":21},"end":{"line":37,"column":21}}]},"5":{"line":40,"type":"if","locations":[{"start":{"line":40,"column":21},"end":{"line":40,"column":21}},{"start":{"line":40,"column":21},"end":{"line":40,"column":21}}]},"6":{"line":40,"type":"binary-expr","locations":[{"start":{"line":40,"column":25},"end":{"line":40,"column":41}},{"start":{"line":40,"column":45},"end":{"line":40,"column":59}}]},"7":{"line":47,"type":"if","locations":[{"start":{"line":47,"column":8},"end":{"line":47,"column":8}},{"start":{"line":47,"column":8},"end":{"line":47,"column":8}}]},"8":{"line":48,"type":"cond-expr","locations":[{"start":{"line":48,"column":51},"end":{"line":48,"column":74}},{"start":{"line":48,"column":77},"end":{"line":48,"column":90}}]},"9":{"line":64,"type":"if","locations":[{"start":{"line":64,"column":8},"end":{"line":64,"column":8}},{"start":{"line":64,"column":8},"end":{"line":64,"column":8}}]},"10":{"line":67,"type":"switch","locations":[{"start":{"line":68,"column":12},"end":{"line":68,"column":31}},{"start":{"line":69,"column":12},"end":{"line":69,"column":30}},{"start":{"line":70,"column":12},"end":{"line":70,"column":25}},{"start":{"line":71,"column":12},"end":{"line":71,"column":27}},{"start":{"line":72,"column":12},"end":{"line":73,"column":28}},{"start":{"line":74,"column":12},"end":{"line":75,"column":82}},{"start":{"line":76,"column":12},"end":{"line":76,"column":27}},{"start":{"line":77,"column":12},"end":{"line":78,"column":31}},{"start":{"line":79,"column":12},"end":{"line":80,"column":32}}]}},"l":{"2":1,"3":1,"4":1,"5":1,"15":109,"19":109,"25":71,"26":71,"27":71,"28":71,"29":30,"30":30,"31":72,"32":72,"33":72,"34":72,"35":6,"37":66,"38":18,"40":48,"41":18,"43":72,"46":71,"47":71,"48":14,"51":57,"53":71,"64":57,"65":4,"67":53,"73":8,"75":2,"78":4,"80":2,"82":37,"85":1}},
"/Users/neil/extensions/php-docblock/out/src/block/property.js":{"path":"/Users/neil/extensions/php-docblock/out/src/block/property.js","s":{"1":1,"2":1,"3":1,"4":48,"5":48,"6":31,"7":31,"8":31,"9":22,"10":9,"11":31,"12":1},"b":{"1":[22,9]},"f":{"1":48,"2":31},"fnMap":{"1":{"name":"(anonymous_1)","line":9,"loc":{"start":{"line":9,"column":15},"end":{"line":9,"column":18}}},"2":{"name":"(anonymous_2)","line":19,"loc":{"start":{"line":19,"column":9},"end":{"line":19,"column":12}}}},"statementMap":{"1":{"start":{"line":2,"column":0},"end":{"line":2,"column":62}},"2":{"start":{"line":3,"column":0},"end":{"line":3,"column":36}},"3":{"start":{"line":4,"column":0},"end":{"line":4,"column":32}},"4":{"start":{"line":10,"column":8},"end":{"line":10,"column":28}},"5":{"start":{"line":14,"column":8},"end":{"line":14,"column":117}},"6":{"start":{"line":20,"column":8},"end":{"line":20,"column":34}},"7":{"start":{"line":21,"column":8},"end":{"line":21,"column":57}},"8":{"start":{"line":22,"column":8},"end":{"line":27,"column":9}},"9":{"start":{"line":23,"column":12},"end":{"line":23,"column":55}},"10":{"start":{"line":26,"column":12},"end":{"line":26,"column":31}},"11":{"start":{"line":28,"column":8},"end":{"line":28,"column":19}},"12":{"start":{"line":31,"column":0},"end":{"line":31,"column":27}}},"branchMap":{"1":{"line":22,"type":"if","locations":[{"start":{"line":22,"column":8},"end":{"line":22,"column":8}},{"start":{"line":22,"column":8},"end":{"line":22,"column":8}}]}},"l":{"2":1,"3":1,"4":1,"10":48,"14":48,"20":31,"21":31,"22":31,"23":22,"26":9,"28":31,"31":1}},
"/Users/neil/extensions/php-docblock/out/src/extension.js":{"path":"/Users/neil/extensions/php-docblock/out/src/extension.js","s":{"1":1,"2":1,"3":1,"4":1,"5":1,"6":2,"7":1,"8":2,"9":1,"10":1,"11":1},"b":{"1":[1,1]},"f":{"1":1,"2":0},"fnMap":{"1":{"name":"activate","line":10,"loc":{"start":{"line":10,"column":0},"end":{"line":10,"column":27}}},"2":{"name":"deactivate","line":44,"loc":{"start":{"line":44,"column":0},"end":{"line":44,"column":22}}}},"statementMap":{"1":{"start":{"line":2,"column":0},"end":{"line":2,"column":62}},"2":{"start":{"line":3,"column":0},"end":{"line":3,"column":33}},"3":{"start":{"line":4,"column":0},"end":{"line":4,"column":47}},"4":{"start":{"line":10,"column":0},"end":{"line":39,"column":1}},"5":{"start":{"line":11,"column":4},"end":{"line":38,"column":7}},"6":{"start":{"line":12,"column":8},"end":{"line":36,"column":9}},"7":{"start":{"line":13,"column":12},"end":{"line":35,"column":15}},"8":{"start":{"line":37,"column":8},"end":{"line":37,"column":101}},"9":{"start":{"line":40,"column":0},"end":{"line":40,"column":28}},"10":{"start":{"line":44,"column":0},"end":{"line":45,"column":1}},"11":{"start":{"line":46,"column":0},"end":{"line":46,"column":32}}},"branchMap":{"1":{"line":12,"type":"if","locations":[{"start":{"line":12,"column":8},"end":{"line":12,"column":8}},{"start":{"line":12,"column":8},"end":{"line":12,"column":8}}]}},"l":{"2":1,"3":1,"4":1,"10":1,"11":1,"12":2,"13":1,"37":2,"40":1,"44":1,"46":1}}}
