TN:
SF:Users/neil/extensions/php-docblock/src/block/class.ts
FN:7,(anonymous_1)
FN:17,(anonymous_2)
FNF:2
FNH:2
FNDA:28,(anonymous_1)
FNDA:14,(anonymous_2)
DA:1,1
DA:2,1
DA:7,1
DA:12,28
DA:19,14
DA:20,14
DA:22,14
LF:7
LH:7
BRF:0
BRH:0
end_of_record
TN:
SF:Users/neil/extensions/php-docblock/src/block.ts
FN:56,(anonymous_1)
FN:70,(anonymous_2)
FN:80,(anonymous_3)
FN:92,(anonymous_4)
FN:106,(anonymous_5)
FN:135,(anonymous_6)
FN:162,(anonymous_7)
FNF:7
FNH:7
FNDA:185,(anonymous_1)
FNDA:72,(anonymous_2)
FNDA:116,(anonymous_3)
FNDA:185,(anonymous_4)
FNDA:185,(anonymous_5)
FNDA:71,(anonymous_6)
FNDA:40,(anonymous_7)
DA:1,1
DA:3,1
DA:12,1
DA:48,185
DA:58,185
DA:59,185
DA:60,185
DA:72,72
DA:82,116
DA:94,185
DA:108,185
DA:109,185
DA:111,185
DA:112,185
DA:113,3
DA:116,182
DA:117,182
DA:118,193
DA:119,193
DA:121,182
DA:122,182
DA:124,182
DA:137,71
DA:138,71
DA:139,71
DA:140,71
DA:141,1269
DA:142,1269
DA:143,71
DA:144,71
DA:145,1198
DA:146,2
DA:147,1196
DA:148,2
DA:150,1198
DA:153,71
DA:164,40
DA:167,40
DA:168,8
DA:172,32
DA:173,4
DA:177,28
DA:178,4
DA:182,24
DA:183,10
DA:187,14
DA:188,12
DA:191,2
LF:48
LH:48
BRDA:112,1,0,3
BRDA:112,1,1,182
BRDA:142,2,0,71
BRDA:142,2,1,1198
BRDA:142,3,0,1269
BRDA:142,3,1,73
BRDA:145,4,0,2
BRDA:145,4,1,1196
BRDA:147,5,0,2
BRDA:147,5,1,1194
BRDA:167,6,0,8
BRDA:167,6,1,32
BRDA:172,7,0,4
BRDA:172,7,1,28
BRDA:177,8,0,4
BRDA:177,8,1,24
BRDA:182,9,0,10
BRDA:182,9,1,14
BRDA:187,10,0,12
BRDA:187,10,1,2
BRF:20
BRH:20
end_of_record
TN:
SF:Users/neil/extensions/php-docblock/src/util/TypeUtil.ts
FN:26,(anonymous_1)
FN:35,(anonymous_2)
FN:42,(anonymous_3)
FN:56,(anonymous_4)
FNF:4
FNH:4
FNDA:18,(anonymous_1)
FNDA:2,(anonymous_2)
FNDA:22,(anonymous_3)
FNDA:23,(anonymous_4)
DA:1,1
DA:6,1
DA:27,18
DA:36,2
DA:43,22
DA:44,3
DA:45,3
DA:48,22
DA:57,23
DA:60,16
DA:61,15
DA:63,1
DA:66,6
DA:67,5
DA:69,1
DA:71,1
LF:16
LH:16
BRDA:27,1,0,18
BRDA:27,1,1,1
BRDA:43,2,0,3
BRDA:43,2,1,19
BRDA:45,3,0,3
BRDA:45,3,1,3
BRDA:58,4,0,16
BRDA:58,4,1,16
BRDA:58,4,2,6
BRDA:58,4,3,6
BRDA:58,4,4,1
BRDA:60,5,0,15
BRDA:60,5,1,1
BRDA:66,6,0,5
BRDA:66,6,1,1
BRF:15
BRH:15
end_of_record
TN:
SF:Users/neil/extensions/php-docblock/src/doc.ts
FN:51,(anonymous_1)
FN:61,(anonymous_2)
FN:84,(anonymous_3)
FN:97,(anonymous_4)
FN:108,(anonymous_5)
FN:198,(anonymous_6)
FNF:6
FNH:6
FNDA:158,(anonymous_1)
FNDA:40,(anonymous_2)
FNDA:20,(anonymous_3)
FNDA:5,(anonymous_4)
FNDA:10,(anonymous_5)
FNDA:111,(anonymous_6)
DA:1,1
DA:9,1
DA:16,158
DA:53,158
DA:63,40
DA:64,36
DA:66,40
DA:67,1
DA:69,40
DA:70,5
DA:72,40
DA:73,38
DA:74,39
DA:86,20
DA:87,5
DA:89,20
DA:99,5
DA:110,10
DA:111,10
DA:112,10
DA:114,10
DA:115,2
DA:116,2
DA:119,10
DA:121,10
DA:122,10
DA:123,10
DA:125,10
DA:126,3
DA:127,2
DA:128,2
DA:130,3
DA:131,3
DA:132,3
DA:133,3
DA:134,3
DA:138,10
DA:139,2
DA:140,1
DA:141,1
DA:143,2
DA:144,2
DA:147,10
DA:148,2
DA:149,1
DA:150,1
DA:152,2
DA:153,2
DA:156,10
DA:157,5
DA:158,2
DA:159,2
DA:161,5
DA:162,5
DA:163,5
DA:167,10
DA:169,10
DA:176,1
DA:200,111
DA:201,111
LF:60
LH:60
BRDA:63,1,0,36
BRDA:63,1,1,4
BRDA:66,2,0,1
BRDA:66,2,1,39
BRDA:69,3,0,5
BRDA:69,3,1,35
BRDA:72,4,0,38
BRDA:72,4,1,2
BRDA:72,5,0,40
BRDA:72,5,1,38
BRDA:86,6,0,5
BRDA:86,6,1,15
BRDA:114,7,0,2
BRDA:114,7,1,8
BRDA:125,8,0,3
BRDA:125,8,1,7
BRDA:126,9,0,2
BRDA:126,9,1,1
BRDA:138,10,0,2
BRDA:138,10,1,8
BRDA:139,11,0,1
BRDA:139,11,1,1
BRDA:147,12,0,2
BRDA:147,12,1,8
BRDA:148,13,0,1
BRDA:148,13,1,1
BRDA:156,14,0,5
BRDA:156,14,1,5
BRDA:156,15,0,10
BRDA:156,15,1,10
BRDA:157,16,0,2
BRDA:157,16,1,3
BRF:32
BRH:32
end_of_record
TN:
SF:Users/neil/extensions/php-docblock/src/completions.ts
FN:7,(anonymous_1)
FN:158,(anonymous_2)
FNF:2
FNH:2
FNDA:3,(anonymous_1)
FNDA:9,(anonymous_2)
DA:1,1
DA:2,1
DA:7,1
DA:14,3
DA:160,9
DA:161,9
DA:163,9
DA:164,4
DA:166,4
DA:167,4
DA:168,4
DA:169,4
DA:170,4
DA:172,4
DA:175,5
DA:176,1
DA:179,4
DA:181,4
DA:182,132
DA:185,4
DA:186,4
DA:187,4
DA:188,4
DA:190,4
DA:193,4
LF:25
LH:25
BRDA:163,1,0,4
BRDA:163,1,1,5
BRDA:175,2,0,1
BRDA:175,2,1,4
BRF:4
BRH:4
end_of_record
TN:
SF:Users/neil/extensions/php-docblock/src/documenter.ts
FN:33,(anonymous_1)
FN:45,(anonymous_2)
FNF:2
FNH:2
FNDA:4,(anonymous_1)
FNDA:4,(anonymous_2)
DA:2,1
DA:3,1
DA:4,1
DA:5,1
DA:11,1
DA:35,4
DA:36,4
DA:47,4
DA:48,4
DA:49,1
DA:52,3
DA:53,3
DA:54,1
DA:57,2
DA:58,2
DA:59,1
DA:62,1
LF:17
LH:17
BRDA:48,1,0,1
BRDA:48,1,1,3
BRDA:53,2,0,1
BRDA:53,2,1,2
BRDA:58,3,0,1
BRDA:58,3,1,1
BRF:6
BRH:6
end_of_record
TN:
SF:Users/neil/extensions/php-docblock/src/block/function.ts
FN:12,(anonymous_1)
FN:23,(anonymous_2)
FN:68,(anonymous_3)
FNF:3
FNH:3
FNDA:109,(anonymous_1)
FNDA:71,(anonymous_2)
FNDA:57,(anonymous_3)
DA:1,1
DA:2,1
DA:3,1
DA:12,1
DA:18,109
DA:25,71
DA:27,71
DA:28,71
DA:30,71
DA:31,30
DA:32,30
DA:33,72
DA:34,72
DA:35,72
DA:37,72
DA:38,6
DA:39,66
DA:40,18
DA:41,48
DA:42,18
DA:45,72
DA:49,71
DA:51,71
DA:52,14
DA:54,57
DA:57,71
DA:70,57
DA:71,4
DA:74,53
DA:80,8
DA:82,2
DA:85,4
DA:87,2
DA:90,37
LF:34
LH:34
BRDA:30,1,0,30
BRDA:30,1,1,41
BRDA:37,2,0,6
BRDA:37,2,1,66
BRDA:37,3,0,72
BRDA:37,3,1,24
BRDA:39,4,0,18
BRDA:39,4,1,48
BRDA:41,5,0,18
BRDA:41,5,1,30
BRDA:41,6,0,48
BRDA:41,6,1,48
BRDA:51,7,0,14
BRDA:51,7,1,57
BRDA:52,8,0,2
BRDA:52,8,1,12
BRDA:70,9,0,4
BRDA:70,9,1,53
BRDA:75,10,0,2
BRDA:75,10,1,2
BRDA:75,10,2,4
BRDA:75,10,3,6
BRDA:75,10,4,8
BRDA:75,10,5,2
BRDA:75,10,6,2
BRDA:75,10,7,4
BRDA:75,10,8,2
BRF:27
BRH:27
end_of_record
TN:
SF:Users/neil/extensions/php-docblock/src/block/property.ts
FN:7,(anonymous_1)
FN:18,(anonymous_2)
FNF:2
FNH:2
FNDA:48,(anonymous_1)
FNDA:31,(anonymous_2)
DA:1,1
DA:2,1
DA:7,1
DA:13,48
DA:20,31
DA:22,31
DA:24,31
DA:25,22
DA:27,9
DA:30,31
LF:10
LH:10
BRDA:24,1,0,22
BRDA:24,1,1,9
BRF:2
BRH:2
end_of_record
TN:
SF:Users/neil/extensions/php-docblock/src/extension.ts
FN:12,activate
FN:48,deactivate
FNF:2
FNH:1
FNDA:1,activate
FNDA:0,deactivate
DA:1,1
DA:5,1
DA:12,2
DA:14,1
DA:15,2
DA:16,1
DA:41,2
DA:48,2
LF:8
LH:8
BRDA:15,1,0,1
BRDA:15,1,1,1
BRF:2
BRH:2
end_of_record
